<?xml version="1.0" encoding="UTF-8"?>
<testsuite name="com.ceiba.parking.application.ApplicationTests" tests="1" skipped="0" failures="0" errors="0" timestamp="2018-05-21T21:22:02" hostname="JUAN-HERRERA" time="0.004">
  <properties/>
  <testcase name="contextLoads" classname="com.ceiba.parking.application.ApplicationTests" time="0.004"/>
  <system-out><![CDATA[2018-05-21 16:21:59.958  INFO 2072 --- [    Test worker] .b.t.c.SpringBootTestContextBootstrapper : Neither @ContextConfiguration nor @ContextHierarchy found for test class [com.ceiba.parking.application.ApplicationTests], using SpringBootContextLoader
2018-05-21 16:21:59.959  INFO 2072 --- [    Test worker] o.s.t.c.support.AbstractContextLoader    : Could not detect default resource locations for test class [com.ceiba.parking.application.ApplicationTests]: no resource found for suffixes {-context.xml, Context.groovy}.
2018-05-21 16:21:59.960  INFO 2072 --- [    Test worker] t.c.s.AnnotationConfigContextLoaderUtils : Could not detect default configuration classes for test class [com.ceiba.parking.application.ApplicationTests]: ApplicationTests does not declare any static, non-private, non-final, nested classes annotated with @Configuration.
2018-05-21 16:21:59.968  INFO 2072 --- [    Test worker] .b.t.c.SpringBootTestContextBootstrapper : Found @SpringBootConfiguration com.ceiba.parking.application.Application for test class com.ceiba.parking.application.ApplicationTests
2018-05-21 16:21:59.970  INFO 2072 --- [    Test worker] .b.t.c.SpringBootTestContextBootstrapper : Loaded default TestExecutionListener class names from location [META-INF/spring.factories]: [org.springframework.boot.test.autoconfigure.restdocs.RestDocsTestExecutionListener, org.springframework.boot.test.autoconfigure.web.client.MockRestServiceServerResetTestExecutionListener, org.springframework.boot.test.autoconfigure.web.servlet.MockMvcPrintOnlyOnFailureTestExecutionListener, org.springframework.boot.test.autoconfigure.web.servlet.WebDriverTestExecutionListener, org.springframework.boot.test.mock.mockito.MockitoTestExecutionListener, org.springframework.boot.test.mock.mockito.ResetMocksTestExecutionListener, org.springframework.test.context.web.ServletTestExecutionListener, org.springframework.test.context.support.DirtiesContextBeforeModesTestExecutionListener, org.springframework.test.context.support.DependencyInjectionTestExecutionListener, org.springframework.test.context.support.DirtiesContextTestExecutionListener, org.springframework.test.context.transaction.TransactionalTestExecutionListener, org.springframework.test.context.jdbc.SqlScriptsTestExecutionListener]
2018-05-21 16:21:59.971  INFO 2072 --- [    Test worker] .b.t.c.SpringBootTestContextBootstrapper : Using TestExecutionListeners: [org.springframework.test.context.web.ServletTestExecutionListener@76cf6014, org.springframework.test.context.support.DirtiesContextBeforeModesTestExecutionListener@3c722649, org.springframework.boot.test.mock.mockito.MockitoTestExecutionListener@616ef529, org.springframework.boot.test.autoconfigure.SpringBootDependencyInjectionTestExecutionListener@746d5df0, org.springframework.test.context.support.DirtiesContextTestExecutionListener@79af4ca9, org.springframework.test.context.transaction.TransactionalTestExecutionListener@54c27dbb, org.springframework.test.context.jdbc.SqlScriptsTestExecutionListener@42131db7, org.springframework.boot.test.autoconfigure.restdocs.RestDocsTestExecutionListener@5c0f5ad8, org.springframework.boot.test.autoconfigure.web.client.MockRestServiceServerResetTestExecutionListener@5f469ff4, org.springframework.boot.test.autoconfigure.web.servlet.MockMvcPrintOnlyOnFailureTestExecutionListener@18ae0e02, org.springframework.boot.test.autoconfigure.web.servlet.WebDriverTestExecutionListener@420a5605, org.springframework.boot.test.mock.mockito.ResetMocksTestExecutionListener@64f51d06]

  .   ____          _            __ _ _
 /\\ / ___'_ __ _ _(_)_ __  __ _ \ \ \ \
( ( )\___ | '_ | '_| | '_ \/ _` | \ \ \ \
 \\/  ___)| |_)| | | | | || (_| |  ) ) ) )
  '  |____| .__|_| |_|_| |_\__, | / / / /
 =========|_|==============|___/=/_/_/_/
 :: Spring Boot ::        (v2.0.1.RELEASE)

2018-05-21 16:22:00.045  INFO 2072 --- [    Test worker] c.c.p.application.ApplicationTests       : Starting ApplicationTests on JUAN-HERRERA with PID 2072 (started by juan.herrera in C:\Users\juan.herrera\Documents\Inducción Ceiba\CeibaParking\application)
2018-05-21 16:22:00.045  INFO 2072 --- [    Test worker] c.c.p.application.ApplicationTests       : No active profile set, falling back to default profiles: default
2018-05-21 16:22:00.050  INFO 2072 --- [    Test worker] o.s.w.c.s.GenericWebApplicationContext   : Refreshing org.springframework.web.context.support.GenericWebApplicationContext@3d48e01d: startup date [Mon May 21 16:22:00 COT 2018]; root of context hierarchy
2018-05-21 16:22:00.676  INFO 2072 --- [    Test worker] trationDelegate$BeanPostProcessorChecker : Bean 'org.springframework.transaction.annotation.ProxyTransactionManagementConfiguration' of type [org.springframework.transaction.annotation.ProxyTransactionManagementConfiguration$$EnhancerBySpringCGLIB$$5bb4c55e] is not eligible for getting processed by all BeanPostProcessors (for example: not eligible for auto-proxying)
2018-05-21 16:22:00.907  INFO 2072 --- [    Test worker] com.zaxxer.hikari.HikariDataSource       : HikariPool-2 - Starting...
2018-05-21 16:22:00.911  INFO 2072 --- [    Test worker] com.zaxxer.hikari.HikariDataSource       : HikariPool-2 - Start completed.
2018-05-21 16:22:00.943  INFO 2072 --- [    Test worker] j.LocalContainerEntityManagerFactoryBean : Building JPA container EntityManagerFactory for persistence unit 'default'
2018-05-21 16:22:00.943  INFO 2072 --- [    Test worker] o.hibernate.jpa.internal.util.LogHelper  : HHH000204: Processing PersistenceUnitInfo [
	name: default
	...]
2018-05-21 16:22:00.964  INFO 2072 --- [    Test worker] org.hibernate.dialect.Dialect            : HHH000400: Using dialect: org.hibernate.dialect.H2Dialect
2018-05-21 16:22:01.065  INFO 2072 --- [    Test worker] j.LocalContainerEntityManagerFactoryBean : Initialized JPA EntityManagerFactory for persistence unit 'default'
2018-05-21 16:22:01.154  INFO 2072 --- [    Test worker] o.h.h.i.QueryTranslatorFactoryInitiator  : HHH000397: Using ASTQueryTranslatorFactory
2018-05-21 16:22:01.388  INFO 2072 --- [    Test worker] o.s.w.s.handler.SimpleUrlHandlerMapping  : Mapped URL path [/**/favicon.ico] onto handler of type [class org.springframework.web.servlet.resource.ResourceHttpRequestHandler]
2018-05-21 16:22:01.553  INFO 2072 --- [    Test worker] s.w.s.m.m.a.RequestMappingHandlerAdapter : Looking for @ControllerAdvice: org.springframework.web.context.support.GenericWebApplicationContext@3d48e01d: startup date [Mon May 21 16:22:00 COT 2018]; root of context hierarchy
2018-05-21 16:22:01.563  WARN 2072 --- [    Test worker] aWebConfiguration$JpaWebMvcConfiguration : spring.jpa.open-in-view is enabled by default. Therefore, database queries may be performed during view rendering. Explicitly configure spring.jpa.open-in-view to disable this warning
2018-05-21 16:22:01.587  INFO 2072 --- [    Test worker] s.w.s.m.m.a.RequestMappingHandlerMapping : Mapped "{[/searchVehicle],methods=[GET]}" onto public org.springframework.http.ResponseEntity<?> com.ceiba.parking.application.api.RestApi.searchVehicle(java.lang.String)
2018-05-21 16:22:01.588  INFO 2072 --- [    Test worker] s.w.s.m.m.a.RequestMappingHandlerMapping : Mapped "{[/registerVehicle],methods=[POST]}" onto public org.springframework.http.ResponseEntity<?> com.ceiba.parking.application.api.RestApi.registerCar(com.ceiba.parking.application.domain.RequestRegister)
2018-05-21 16:22:01.588  INFO 2072 --- [    Test worker] s.w.s.m.m.a.RequestMappingHandlerMapping : Mapped "{[/retireVehicle],methods=[POST]}" onto public org.springframework.http.ResponseEntity<?> com.ceiba.parking.application.api.RestApi.retireCar(com.ceiba.parking.application.domain.RequestRetire)
2018-05-21 16:22:01.589  INFO 2072 --- [    Test worker] s.w.s.m.m.a.RequestMappingHandlerMapping : Mapped "{[/payParking],methods=[POST]}" onto public org.springframework.http.ResponseEntity<?> com.ceiba.parking.application.api.RestApi.payParking(com.ceiba.parking.application.domain.Ticket)
2018-05-21 16:22:01.592  INFO 2072 --- [    Test worker] s.w.s.m.m.a.RequestMappingHandlerMapping : Mapped "{[/error]}" onto public org.springframework.http.ResponseEntity<java.util.Map<java.lang.String, java.lang.Object>> org.springframework.boot.autoconfigure.web.servlet.error.BasicErrorController.error(javax.servlet.http.HttpServletRequest)
2018-05-21 16:22:01.593  INFO 2072 --- [    Test worker] s.w.s.m.m.a.RequestMappingHandlerMapping : Mapped "{[/error],produces=[text/html]}" onto public org.springframework.web.servlet.ModelAndView org.springframework.boot.autoconfigure.web.servlet.error.BasicErrorController.errorHtml(javax.servlet.http.HttpServletRequest,javax.servlet.http.HttpServletResponse)
2018-05-21 16:22:01.630  INFO 2072 --- [    Test worker] o.s.w.s.handler.SimpleUrlHandlerMapping  : Mapped URL path [/webjars/**] onto handler of type [class org.springframework.web.servlet.resource.ResourceHttpRequestHandler]
2018-05-21 16:22:01.630  INFO 2072 --- [    Test worker] o.s.w.s.handler.SimpleUrlHandlerMapping  : Mapped URL path [/**] onto handler of type [class org.springframework.web.servlet.resource.ResourceHttpRequestHandler]
2018-05-21 16:22:02.200  INFO 2072 --- [    Test worker] o.s.b.a.e.web.EndpointLinksResolver      : Exposing 2 endpoint(s) beneath base path '/actuator'
2018-05-21 16:22:02.210  INFO 2072 --- [    Test worker] s.b.a.e.w.s.WebMvcEndpointHandlerMapping : Mapped "{[/actuator/health],methods=[GET],produces=[application/vnd.spring-boot.actuator.v2+json || application/json]}" onto public java.lang.Object org.springframework.boot.actuate.endpoint.web.servlet.AbstractWebMvcEndpointHandlerMapping$OperationHandler.handle(javax.servlet.http.HttpServletRequest,java.util.Map<java.lang.String, java.lang.String>)
2018-05-21 16:22:02.211  INFO 2072 --- [    Test worker] s.b.a.e.w.s.WebMvcEndpointHandlerMapping : Mapped "{[/actuator/info],methods=[GET],produces=[application/vnd.spring-boot.actuator.v2+json || application/json]}" onto public java.lang.Object org.springframework.boot.actuate.endpoint.web.servlet.AbstractWebMvcEndpointHandlerMapping$OperationHandler.handle(javax.servlet.http.HttpServletRequest,java.util.Map<java.lang.String, java.lang.String>)
2018-05-21 16:22:02.212  INFO 2072 --- [    Test worker] s.b.a.e.w.s.WebMvcEndpointHandlerMapping : Mapped "{[/actuator],methods=[GET],produces=[application/vnd.spring-boot.actuator.v2+json || application/json]}" onto protected java.util.Map<java.lang.String, java.util.Map<java.lang.String, org.springframework.boot.actuate.endpoint.web.Link>> org.springframework.boot.actuate.endpoint.web.servlet.WebMvcEndpointHandlerMapping.links(javax.servlet.http.HttpServletRequest,javax.servlet.http.HttpServletResponse)
2018-05-21 16:22:02.265  INFO 2072 --- [    Test worker] c.c.p.application.ApplicationTests       : Started ApplicationTests in 2.28 seconds (JVM running for 17.461)
]]></system-out>
  <system-err><![CDATA[]]></system-err>
</testsuite>
